Flow report for DCE01_3
Wed Apr 17 13:36:53 2024
Quartus Prime Version 22.1std.0 Build 915 10/25/2022 SC Standard Edition


---------------------
; Table of Contents ;
---------------------
  1. Legal Notice
  2. Flow Summary
  3. Flow Settings
  4. Flow Non-Default Global Settings
  5. Flow Elapsed Time
  6. Flow OS Summary
  7. Flow Log
  8. Flow Messages
  9. Flow Suppressed Messages



----------------
; Legal Notice ;
----------------
Copyright (C) 2022  Intel Corporation. All rights reserved.
Your use of Intel Corporation's design tools, logic functions 
and other software and tools, and any partner logic 
functions, and any output files from any of the foregoing 
(including device programming or simulation files), and any 
associated documentation or information are expressly subject 
to the terms and conditions of the Intel Program License 
Subscription Agreement, the Intel Quartus Prime License Agreement,
the Intel FPGA IP License Agreement, or other applicable license
agreement, including, without limitation, that your use is for
the sole purpose of programming logic devices manufactured by
Intel and sold by Intel or its authorized distributors.  Please
refer to the applicable agreement for further details, at
https://fpgasoftware.intel.com/eula.



+-----------------------------------------------------------------------------------------+
; Flow Summary                                                                            ;
+------------------------------------+----------------------------------------------------+
; Flow Status                        ; Successful - Wed Apr 17 13:36:48 2024              ;
; Quartus Prime Version              ; 22.1std.0 Build 915 10/25/2022 SC Standard Edition ;
; Revision Name                      ; DCE01_3                                            ;
; Top-level Entity Name              ; DCE01_3                                            ;
; Family                             ; Cyclone IV E                                       ;
; Device                             ; EP4CE6E22I7                                        ;
; Timing Models                      ; Final                                              ;
; Total logic elements               ; 374 / 6,272 ( 6 % )                                ;
;     Total combinational functions  ; 345 / 6,272 ( 6 % )                                ;
;     Dedicated logic registers      ; 216 / 6,272 ( 3 % )                                ;
; Total registers                    ; 216                                                ;
; Total pins                         ; 47 / 92 ( 51 % )                                   ;
; Total virtual pins                 ; 0                                                  ;
; Total memory bits                  ; 2,552 / 276,480 ( < 1 % )                          ;
; Embedded Multiplier 9-bit elements ; 0 / 30 ( 0 % )                                     ;
; Total PLLs                         ; 2 / 2 ( 100 % )                                    ;
+------------------------------------+----------------------------------------------------+


+-----------------------------------------+
; Flow Settings                           ;
+-------------------+---------------------+
; Option            ; Setting             ;
+-------------------+---------------------+
; Start date & time ; 04/17/2024 13:36:28 ;
; Main task         ; Compilation         ;
; Revision Name     ; DCE01_3             ;
+-------------------+---------------------+


+---------------------------------------------------------------------------------------------------------------------------------------+
; Flow Non-Default Global Settings                                                                                                      ;
+---------------------------------------------------+----------------------------------------+---------------+-------------+------------+
; Assignment Name                                   ; Value                                  ; Default Value ; Entity Name ; Section Id ;
+---------------------------------------------------+----------------------------------------+---------------+-------------+------------+
; COMPILER_SIGNATURE_ID                             ; 193662124652367.171335018810936        ; --            ; --          ; --         ;
; CYCLONEII_OPTIMIZATION_TECHNIQUE                  ; Speed                                  ; Balanced      ; --          ; --         ;
; IO_PLACEMENT_OPTIMIZATION                         ; Off                                    ; On            ; --          ; --         ;
; MAX_CORE_JUNCTION_TEMP                            ; 100                                    ; --            ; --          ; --         ;
; MIN_CORE_JUNCTION_TEMP                            ; -40                                    ; --            ; --          ; --         ;
; OUTPUT_IO_TIMING_FAR_END_VMEAS                    ; Half Signal Swing                      ; --            ; --          ; --         ;
; OUTPUT_IO_TIMING_FAR_END_VMEAS                    ; Half Signal Swing                      ; --            ; --          ; --         ;
; OUTPUT_IO_TIMING_NEAR_END_VMEAS                   ; Half Vccio                             ; --            ; --          ; --         ;
; OUTPUT_IO_TIMING_NEAR_END_VMEAS                   ; Half Vccio                             ; --            ; --          ; --         ;
; PARALLEL_SYNTHESIS                                ; Off                                    ; On            ; --          ; --         ;
; PARTITION_COLOR                                   ; -- (Not supported for targeted family) ; --            ; --          ; Top        ;
; PARTITION_FITTER_PRESERVATION_LEVEL               ; -- (Not supported for targeted family) ; --            ; --          ; Top        ;
; PARTITION_NETLIST_TYPE                            ; -- (Not supported for targeted family) ; --            ; --          ; Top        ;
; PHYSICAL_SYNTHESIS_ASYNCHRONOUS_SIGNAL_PIPELINING ; On                                     ; Off           ; --          ; --         ;
; PHYSICAL_SYNTHESIS_COMBO_LOGIC                    ; On                                     ; Off           ; --          ; --         ;
; PHYSICAL_SYNTHESIS_COMBO_LOGIC_FOR_AREA           ; On                                     ; Off           ; --          ; --         ;
; PHYSICAL_SYNTHESIS_REGISTER_DUPLICATION           ; On                                     ; Off           ; --          ; --         ;
; PHYSICAL_SYNTHESIS_REGISTER_RETIMING              ; On                                     ; Off           ; --          ; --         ;
; POWER_BOARD_THERMAL_MODEL                         ; None (CONSERVATIVE)                    ; --            ; --          ; --         ;
; POWER_PRESET_COOLING_SOLUTION                     ; 23 MM HEAT SINK WITH 200 LFPM AIRFLOW  ; --            ; --          ; --         ;
; PROJECT_OUTPUT_DIRECTORY                          ; output_files                           ; --            ; --          ; --         ;
; REMOVE_DUPLICATE_REGISTERS                        ; Off                                    ; On            ; --          ; --         ;
; SEARCH_PATH                                       ; megafunctions/                         ; --            ; --          ; --         ;
+---------------------------------------------------+----------------------------------------+---------------+-------------+------------+


+--------------------------------------------------------------------------------------------------------------------------+
; Flow Elapsed Time                                                                                                        ;
+----------------------+--------------+-------------------------+---------------------+------------------------------------+
; Module Name          ; Elapsed Time ; Average Processors Used ; Peak Virtual Memory ; Total CPU Time (on all processors) ;
+----------------------+--------------+-------------------------+---------------------+------------------------------------+
; Analysis & Synthesis ; 00:00:09     ; 1.0                     ; 523 MB              ; 00:00:19                           ;
; Fitter               ; 00:00:09     ; 1.1                     ; 1119 MB             ; 00:00:14                           ;
; Assembler            ; 00:00:01     ; 1.0                     ; 358 MB              ; 00:00:01                           ;
; Timing Analyzer      ; 00:00:04     ; 1.1                     ; 489 MB              ; 00:00:04                           ;
; Total                ; 00:00:23     ; --                      ; --                  ; 00:00:38                           ;
+----------------------+--------------+-------------------------+---------------------+------------------------------------+


+------------------------------------------------------------------------------------+
; Flow OS Summary                                                                    ;
+----------------------+------------------+------------+------------+----------------+
; Module Name          ; Machine Hostname ; OS Name    ; OS Version ; Processor type ;
+----------------------+------------------+------------+------------+----------------+
; Analysis & Synthesis ; evg-HP           ; Linux Mint ; 20         ; x86_64         ;
; Fitter               ; evg-HP           ; Linux Mint ; 20         ; x86_64         ;
; Assembler            ; evg-HP           ; Linux Mint ; 20         ; x86_64         ;
; Timing Analyzer      ; evg-HP           ; Linux Mint ; 20         ; x86_64         ;
+----------------------+------------------+------------+------------+----------------+


------------
; Flow Log ;
------------
quartus_map --read_settings_files=on --write_settings_files=off DCE01_3 -c DCE01_3
quartus_fit --read_settings_files=off --write_settings_files=off DCE01_3 -c DCE01_3
quartus_asm --read_settings_files=off --write_settings_files=off DCE01_3 -c DCE01_3
quartus_sta DCE01_3 -c DCE01_3



