Compiling the C compiler identification source file "CMakeCCompilerId.c" failed.
Compiler: /home/evg/toolchain/gcc-arm-none-eabi-10.3-2021.10/bin/arm-none-eabi-gcc-10.3.1 
Build flags: 
Id flags:  

The output was:
1
/home/evg/toolchain/gcc-arm-none-eabi-10.3-2021.10/bin/../lib/gcc/arm-none-eabi/10.3.1/../../../../arm-none-eabi/bin/ld: /home/evg/toolchain/gcc-arm-none-eabi-10.3-2021.10/bin/../lib/gcc/arm-none-eabi/10.3.1/../../../../arm-none-eabi/lib/libc.a(lib_a-exit.o): in function `exit':
exit.c:(.text.exit+0x2c): undefined reference to `_exit'
collect2: error: ld returned 1 exit status


Compiling the CXX compiler identification source file "CMakeCXXCompilerId.cpp" failed.
Compiler: /home/evg/toolchain/gcc-arm-none-eabi-10.3-2021.10/bin/arm-none-eabi-c++ 
Build flags: 
Id flags:  

The output was:
1
/home/evg/toolchain/gcc-arm-none-eabi-10.3-2021.10/bin/../lib/gcc/arm-none-eabi/10.3.1/../../../../arm-none-eabi/bin/ld: /home/evg/toolchain/gcc-arm-none-eabi-10.3-2021.10/bin/../lib/gcc/arm-none-eabi/10.3.1/../../../../arm-none-eabi/lib/libc.a(lib_a-exit.o): in function `exit':
exit.c:(.text.exit+0x2c): undefined reference to `_exit'
collect2: error: ld returned 1 exit status


Determining if the C compiler works failed with the following output:
Change Dir: /home/evg/STM32CubeIDE/workspace_1.7.0/gdmx-display/cmake-build-debug/CMakeFiles/CMakeTmp

Run Build Command(s):/usr/bin/make cmTC_52b8e/fast && /usr/bin/make -f CMakeFiles/cmTC_52b8e.dir/build.make CMakeFiles/cmTC_52b8e.dir/build
make[1]: вход в каталог «/home/evg/STM32CubeIDE/workspace_1.7.0/gdmx-display/cmake-build-debug/CMakeFiles/CMakeTmp»
Building C object CMakeFiles/cmTC_52b8e.dir/testCCompiler.c.o
/home/evg/toolchain/gcc-arm-none-eabi-10.3-2021.10/bin/arm-none-eabi-gcc-10.3.1    -o CMakeFiles/cmTC_52b8e.dir/testCCompiler.c.o   -c /home/evg/STM32CubeIDE/workspace_1.7.0/gdmx-display/cmake-build-debug/CMakeFiles/CMakeTmp/testCCompiler.c
Linking C executable cmTC_52b8e
/home/evg/CLion/clion-2020.1.1/bin/cmake/linux/bin/cmake -E cmake_link_script CMakeFiles/cmTC_52b8e.dir/link.txt --verbose=1
/home/evg/toolchain/gcc-arm-none-eabi-10.3-2021.10/bin/arm-none-eabi-gcc-10.3.1      CMakeFiles/cmTC_52b8e.dir/testCCompiler.c.o  -o cmTC_52b8e 
/home/evg/toolchain/gcc-arm-none-eabi-10.3-2021.10/bin/../lib/gcc/arm-none-eabi/10.3.1/../../../../arm-none-eabi/bin/ld: /home/evg/toolchain/gcc-arm-none-eabi-10.3-2021.10/bin/../lib/gcc/arm-none-eabi/10.3.1/../../../../arm-none-eabi/lib/libc.a(lib_a-exit.o): in function `exit':
exit.c:(.text.exit+0x2c): undefined reference to `_exit'
collect2: error: ld returned 1 exit status
make[1]: *** [CMakeFiles/cmTC_52b8e.dir/build.make:87: cmTC_52b8e] Ошибка 1
make[1]: выход из каталога «/home/evg/STM32CubeIDE/workspace_1.7.0/gdmx-display/cmake-build-debug/CMakeFiles/CMakeTmp»
make: *** [Makefile:121: cmTC_52b8e/fast] Ошибка 2



Compiling the C compiler identification source file "CMakeCCompilerId.c" failed.
Compiler: /home/evg/toolchain/gcc-arm-none-eabi-10.3-2021.10/bin/arm-none-eabi-gcc-10.3.1 
Build flags: 
Id flags:  

The output was:
1
/home/evg/toolchain/gcc-arm-none-eabi-10.3-2021.10/bin/../lib/gcc/arm-none-eabi/10.3.1/../../../../arm-none-eabi/bin/ld: /home/evg/toolchain/gcc-arm-none-eabi-10.3-2021.10/bin/../lib/gcc/arm-none-eabi/10.3.1/../../../../arm-none-eabi/lib/libc.a(lib_a-exit.o): in function `exit':
exit.c:(.text.exit+0x2c): undefined reference to `_exit'
collect2: error: ld returned 1 exit status


Compiling the CXX compiler identification source file "CMakeCXXCompilerId.cpp" failed.
Compiler: /home/evg/toolchain/gcc-arm-none-eabi-10.3-2021.10/bin/arm-none-eabi-c++ 
Build flags: 
Id flags:  

The output was:
1
/home/evg/toolchain/gcc-arm-none-eabi-10.3-2021.10/bin/../lib/gcc/arm-none-eabi/10.3.1/../../../../arm-none-eabi/bin/ld: /home/evg/toolchain/gcc-arm-none-eabi-10.3-2021.10/bin/../lib/gcc/arm-none-eabi/10.3.1/../../../../arm-none-eabi/lib/libc.a(lib_a-exit.o): in function `exit':
exit.c:(.text.exit+0x2c): undefined reference to `_exit'
collect2: error: ld returned 1 exit status


Determining if the C compiler works failed with the following output:
Change Dir: /home/evg/STM32CubeIDE/workspace_1.7.0/gdmx-display/cmake-build-debug/CMakeFiles/CMakeTmp

Run Build Command(s):/usr/bin/make cmTC_a544e/fast && /usr/bin/make -f CMakeFiles/cmTC_a544e.dir/build.make CMakeFiles/cmTC_a544e.dir/build
make[1]: вход в каталог «/home/evg/STM32CubeIDE/workspace_1.7.0/gdmx-display/cmake-build-debug/CMakeFiles/CMakeTmp»
Building C object CMakeFiles/cmTC_a544e.dir/testCCompiler.c.o
/home/evg/toolchain/gcc-arm-none-eabi-10.3-2021.10/bin/arm-none-eabi-gcc-10.3.1    -o CMakeFiles/cmTC_a544e.dir/testCCompiler.c.o   -c /home/evg/STM32CubeIDE/workspace_1.7.0/gdmx-display/cmake-build-debug/CMakeFiles/CMakeTmp/testCCompiler.c
Linking C executable cmTC_a544e
/home/evg/CLion/clion-2020.1.1/bin/cmake/linux/bin/cmake -E cmake_link_script CMakeFiles/cmTC_a544e.dir/link.txt --verbose=1
/home/evg/toolchain/gcc-arm-none-eabi-10.3-2021.10/bin/arm-none-eabi-gcc-10.3.1      CMakeFiles/cmTC_a544e.dir/testCCompiler.c.o  -o cmTC_a544e 
/home/evg/toolchain/gcc-arm-none-eabi-10.3-2021.10/bin/../lib/gcc/arm-none-eabi/10.3.1/../../../../arm-none-eabi/bin/ld: /home/evg/toolchain/gcc-arm-none-eabi-10.3-2021.10/bin/../lib/gcc/arm-none-eabi/10.3.1/../../../../arm-none-eabi/lib/libc.a(lib_a-exit.o): in function `exit':
exit.c:(.text.exit+0x2c): undefined reference to `_exit'
collect2: error: ld returned 1 exit status
make[1]: *** [CMakeFiles/cmTC_a544e.dir/build.make:87: cmTC_a544e] Ошибка 1
make[1]: выход из каталога «/home/evg/STM32CubeIDE/workspace_1.7.0/gdmx-display/cmake-build-debug/CMakeFiles/CMakeTmp»
make: *** [Makefile:121: cmTC_a544e/fast] Ошибка 2



