Assembler report for DCE01
Thu Feb 29 14:35:48 2024
Quartus II 64-Bit Version 13.0.1 Build 232 06/12/2013 Service Pack 1 SJ Web Edition


---------------------
; Table of Contents ;
---------------------
  1. Legal Notice
  2. Assembler Summary
  3. Assembler Settings
  4. Assembler Generated Files
  5. Assembler Device Options: D:/altera/DCE01/output_files/DCE01.sof
  6. Assembler Device Options: D:/altera/DCE01/output_files/DCE01.jam
  7. Assembler Device Options: D:/altera/DCE01/output_files/DCE01.jbc
  8. Assembler Device Options: D:/altera/DCE01/output_files/DCE01.svf
  9. Assembler Device Options: D:/altera/DCE01/output_files/DCE01.pof
 10. Assembler Device Options: D:/altera/DCE01/output_files/DCE01.ttf
 11. Assembler Messages



----------------
; Legal Notice ;
----------------
Copyright (C) 1991-2013 Altera Corporation
Your use of Altera Corporation's design tools, logic functions 
and other software and tools, and its AMPP partner logic 
functions, and any output files from any of the foregoing 
(including device programming or simulation files), and any 
associated documentation or information are expressly subject 
to the terms and conditions of the Altera Program License 
Subscription Agreement, Altera MegaCore Function License 
Agreement, or other applicable license agreement, including, 
without limitation, that your use is for the sole purpose of 
programming logic devices manufactured by Altera and sold by 
Altera or its authorized distributors.  Please refer to the 
applicable agreement for further details.



+---------------------------------------------------------------+
; Assembler Summary                                             ;
+-----------------------+---------------------------------------+
; Assembler Status      ; Successful - Thu Feb 29 14:35:48 2024 ;
; Revision Name         ; DCE01                                 ;
; Top-level Entity Name ; DCE01                                 ;
; Family                ; Cyclone IV E                          ;
; Device                ; EP4CE6E22I7                           ;
+-----------------------+---------------------------------------+


+--------------------------------------------------------------------------------------------------------+
; Assembler Settings                                                                                     ;
+-----------------------------------------------------------------------------+----------+---------------+
; Option                                                                      ; Setting  ; Default Value ;
+-----------------------------------------------------------------------------+----------+---------------+
; Generate compressed bitstreams                                              ; Off      ; On            ;
; Use configuration device                                                    ; On       ; Off           ;
; Configuration device                                                        ; Epcs4    ; Auto          ;
; Generate Tabular Text File (.ttf) For Target Device                         ; On       ; Off           ;
; Use smart compilation                                                       ; Off      ; Off           ;
; Enable parallel Assembler and TimeQuest Timing Analyzer during compilation  ; On       ; On            ;
; Enable compact report table                                                 ; Off      ; Off           ;
; Generate Serial Vector Format File (.svf) for Target Device                 ; On       ; Off           ;
; Generate a JEDEC STAPL Format File (.jam) for Target Device                 ; On       ; Off           ;
; Generate a compressed Jam STAPL Byte Code 2.0 File (.jbc) for Target Device ; On       ; Off           ;
; Compression mode                                                            ; Off      ; Off           ;
; Clock source for configuration device                                       ; Internal ; Internal      ;
; Clock frequency of the configuration device                                 ; 10 MHZ   ; 10 MHz        ;
; Divide clock frequency by                                                   ; 1        ; 1             ;
; Auto user code                                                              ; On       ; On            ;
; Configuration device auto user code                                         ; Off      ; Off           ;
; Generate Raw Binary File (.rbf) For Target Device                           ; Off      ; Off           ;
; Generate Hexadecimal (Intel-Format) Output File (.hexout) for Target Device ; Off      ; Off           ;
; Hexadecimal Output File start address                                       ; 0        ; 0             ;
; Hexadecimal Output File count direction                                     ; Up       ; Up            ;
; Release clears before tri-states                                            ; Off      ; Off           ;
; Auto-restart configuration after error                                      ; On       ; On            ;
; Enable OCT_DONE                                                             ; Off      ; Off           ;
; Generate a compressed Jam STAPL Byte Code 2.0 File (.jbc) for Target Device ; On       ; On            ;
+-----------------------------------------------------------------------------+----------+---------------+


+----------------------------------------+
; Assembler Generated Files              ;
+----------------------------------------+
; File Name                              ;
+----------------------------------------+
; D:/altera/DCE01/output_files/DCE01.sof ;
; D:/altera/DCE01/output_files/DCE01.jam ;
; D:/altera/DCE01/output_files/DCE01.jbc ;
; D:/altera/DCE01/output_files/DCE01.svf ;
; D:/altera/DCE01/output_files/DCE01.pof ;
; D:/altera/DCE01/output_files/DCE01.ttf ;
+----------------------------------------+


+------------------------------------------------------------------+
; Assembler Device Options: D:/altera/DCE01/output_files/DCE01.sof ;
+----------------+-------------------------------------------------+
; Option         ; Setting                                         ;
+----------------+-------------------------------------------------+
; Device         ; EP4CE6E22I7                                     ;
; JTAG usercode  ; 0x000C8ACC                                      ;
; Checksum       ; 0x000C8ACC                                      ;
+----------------+-------------------------------------------------+


+------------------------------------------------------------------+
; Assembler Device Options: D:/altera/DCE01/output_files/DCE01.jam ;
+-------------------------+----------------------------------------+
; Option                  ; Setting                                ;
+-------------------------+----------------------------------------+
; JEDEC STAPL ASCII file  ;                                        ;
+-------------------------+----------------------------------------+


+------------------------------------------------------------------+
; Assembler Device Options: D:/altera/DCE01/output_files/DCE01.jbc ;
+-----------------------+------------------------------------------+
; Option                ; Setting                                  ;
+-----------------------+------------------------------------------+
; STAPL Byte Code file  ;                                          ;
+-----------------------+------------------------------------------+


+------------------------------------------------------------------+
; Assembler Device Options: D:/altera/DCE01/output_files/DCE01.svf ;
+-----------+------------------------------------------------------+
; Option    ; Setting                                              ;
+-----------+------------------------------------------------------+
; SVF file  ;                                                      ;
+-----------+------------------------------------------------------+


+------------------------------------------------------------------+
; Assembler Device Options: D:/altera/DCE01/output_files/DCE01.pof ;
+--------------------+---------------------------------------------+
; Option             ; Setting                                     ;
+--------------------+---------------------------------------------+
; Device             ; EPCS4                                       ;
; JTAG usercode      ; 0x00000000                                  ;
; Checksum           ; 0x02792028                                  ;
; Compression Ratio  ; 1                                           ;
+--------------------+---------------------------------------------+


+------------------------------------------------------------------+
; Assembler Device Options: D:/altera/DCE01/output_files/DCE01.ttf ;
+--------------------+---------------------------------------------+
; Option             ; Setting                                     ;
+--------------------+---------------------------------------------+
; Tabular Text File  ;                                             ;
+--------------------+---------------------------------------------+


+--------------------+
; Assembler Messages ;
+--------------------+
Info: *******************************************************************
Info: Running Quartus II 64-Bit Assembler
    Info: Version 13.0.1 Build 232 06/12/2013 Service Pack 1 SJ Web Edition
    Info: Processing started: Thu Feb 29 14:35:44 2024
Info: Command: quartus_asm --read_settings_files=off --write_settings_files=off DCE01 -c DCE01
Info (115031): Writing out detailed assembly data for power analysis
Info (115030): Assembler is generating device programming files
Info (210117): Created JAM or JBC file for the specified chain: 
Device 1 (EP4CE6E22; D:/altera/DCE01/output_files/DCE01.sof)
Info (210117): Created JAM or JBC file for the specified chain: 
Device 1 (EP4CE6E22; D:/altera/DCE01/output_files/DCE01.sof)
Info: Quartus II 64-Bit Assembler was successful. 0 errors, 0 warnings
    Info: Peak virtual memory: 422 megabytes
    Info: Processing ended: Thu Feb 29 14:35:48 2024
    Info: Elapsed time: 00:00:04
    Info: Total CPU time (on all processors): 00:00:03


