Flow report for DCE01
Thu Feb 29 14:36:07 2024
Quartus II 64-Bit Version 13.0.1 Build 232 06/12/2013 Service Pack 1 SJ Web Edition


---------------------
; Table of Contents ;
---------------------
  1. Legal Notice
  2. Flow Summary
  3. Flow Settings
  4. Flow Non-Default Global Settings
  5. Flow Elapsed Time
  6. Flow OS Summary
  7. Flow Log
  8. Flow Messages
  9. Flow Suppressed Messages



----------------
; Legal Notice ;
----------------
Copyright (C) 1991-2013 Altera Corporation
Your use of Altera Corporation's design tools, logic functions 
and other software and tools, and its AMPP partner logic 
functions, and any output files from any of the foregoing 
(including device programming or simulation files), and any 
associated documentation or information are expressly subject 
to the terms and conditions of the Altera Program License 
Subscription Agreement, Altera MegaCore Function License 
Agreement, or other applicable license agreement, including, 
without limitation, that your use is for the sole purpose of 
programming logic devices manufactured by Altera and sold by 
Altera or its authorized distributors.  Please refer to the 
applicable agreement for further details.



+--------------------------------------------------------------------------------------+
; Flow Summary                                                                         ;
+------------------------------------+-------------------------------------------------+
; Flow Status                        ; Successful - Thu Feb 29 14:35:48 2024           ;
; Quartus II 64-Bit Version          ; 13.0.1 Build 232 06/12/2013 SP 1 SJ Web Edition ;
; Revision Name                      ; DCE01                                           ;
; Top-level Entity Name              ; DCE01                                           ;
; Family                             ; Cyclone IV E                                    ;
; Device                             ; EP4CE6E22I7                                     ;
; Timing Models                      ; Final                                           ;
; Total logic elements               ; 297 / 6,272 ( 5 % )                             ;
;     Total combinational functions  ; 268 / 6,272 ( 4 % )                             ;
;     Dedicated logic registers      ; 183 / 6,272 ( 3 % )                             ;
; Total registers                    ; 183                                             ;
; Total pins                         ; 50 / 92 ( 54 % )                                ;
; Total virtual pins                 ; 0                                               ;
; Total memory bits                  ; 1,146 / 276,480 ( < 1 % )                       ;
; Embedded Multiplier 9-bit elements ; 0 / 30 ( 0 % )                                  ;
; Total PLLs                         ; 2 / 2 ( 100 % )                                 ;
+------------------------------------+-------------------------------------------------+


+-----------------------------------------+
; Flow Settings                           ;
+-------------------+---------------------+
; Option            ; Setting             ;
+-------------------+---------------------+
; Start date & time ; 02/29/2024 14:35:14 ;
; Main task         ; Compilation         ;
; Revision Name     ; DCE01               ;
+-------------------+---------------------+


+------------------------------------------------------------------------------------------------------------------------+
; Flow Non-Default Global Settings                                                                                       ;
+-------------------------------------+---------------------------------------+---------------+-------------+------------+
; Assignment Name                     ; Value                                 ; Default Value ; Entity Name ; Section Id ;
+-------------------------------------+---------------------------------------+---------------+-------------+------------+
; COMPILER_SIGNATURE_ID               ; 1097287485943.170920651405072         ; --            ; --          ; --         ;
; IP_TOOL_NAME                        ; ALTPLL                                ; --            ; --          ; --         ;
; IP_TOOL_NAME                        ; Serial Flash Loader                   ; --            ; --          ; --         ;
; IP_TOOL_NAME                        ; ALTPLL                                ; --            ; --          ; --         ;
; IP_TOOL_VERSION                     ; 13.0                                  ; --            ; --          ; --         ;
; IP_TOOL_VERSION                     ; 13.0                                  ; --            ; --          ; --         ;
; IP_TOOL_VERSION                     ; 13.0                                  ; --            ; --          ; --         ;
; MAX_CORE_JUNCTION_TEMP              ; 100                                   ; --            ; --          ; --         ;
; MIN_CORE_JUNCTION_TEMP              ; -40                                   ; --            ; --          ; --         ;
; MISC_FILE                           ; altpll1.bsf                           ; --            ; --          ; --         ;
; MISC_FILE                           ; altpll1.cmp                           ; --            ; --          ; --         ;
; MISC_FILE                           ; altpll1.ppf                           ; --            ; --          ; --         ;
; MISC_FILE                           ; DCE01_SFL.bsf                         ; --            ; --          ; --         ;
; MISC_FILE                           ; DCE01_SFL_inst.vhd                    ; --            ; --          ; --         ;
; MISC_FILE                           ; DCE01_SFL.inc                         ; --            ; --          ; --         ;
; MISC_FILE                           ; DCE01_SFL.cmp                         ; --            ; --          ; --         ;
; MISC_FILE                           ; altpll2.bsf                           ; --            ; --          ; --         ;
; MISC_FILE                           ; altpll2.cmp                           ; --            ; --          ; --         ;
; MISC_FILE                           ; altpll2.ppf                           ; --            ; --          ; --         ;
; OUTPUT_IO_TIMING_FAR_END_VMEAS      ; Half Signal Swing                     ; --            ; --          ; --         ;
; OUTPUT_IO_TIMING_FAR_END_VMEAS      ; Half Signal Swing                     ; --            ; --          ; --         ;
; OUTPUT_IO_TIMING_NEAR_END_VMEAS     ; Half Vccio                            ; --            ; --          ; --         ;
; OUTPUT_IO_TIMING_NEAR_END_VMEAS     ; Half Vccio                            ; --            ; --          ; --         ;
; PARTITION_COLOR                     ; 16764057                              ; --            ; --          ; Top        ;
; PARTITION_FITTER_PRESERVATION_LEVEL ; PLACEMENT_AND_ROUTING                 ; --            ; --          ; Top        ;
; PARTITION_NETLIST_TYPE              ; SOURCE                                ; --            ; --          ; Top        ;
; POWER_BOARD_THERMAL_MODEL           ; None (CONSERVATIVE)                   ; --            ; --          ; --         ;
; POWER_PRESET_COOLING_SOLUTION       ; 23 MM HEAT SINK WITH 200 LFPM AIRFLOW ; --            ; --          ; --         ;
; PROJECT_OUTPUT_DIRECTORY            ; output_files                          ; --            ; --          ; --         ;
+-------------------------------------+---------------------------------------+---------------+-------------+------------+


+-------------------------------------------------------------------------------------------------------------------------------+
; Flow Elapsed Time                                                                                                             ;
+---------------------------+--------------+-------------------------+---------------------+------------------------------------+
; Module Name               ; Elapsed Time ; Average Processors Used ; Peak Virtual Memory ; Total CPU Time (on all processors) ;
+---------------------------+--------------+-------------------------+---------------------+------------------------------------+
; Analysis & Synthesis      ; 00:00:06     ; 1.0                     ; 510 MB              ; 00:00:04                           ;
; Fitter                    ; 00:00:18     ; 1.1                     ; 908 MB              ; 00:00:12                           ;
; Assembler                 ; 00:00:04     ; 1.0                     ; 410 MB              ; 00:00:03                           ;
; TimeQuest Timing Analyzer ; 00:00:18     ; 1.1                     ; 554 MB              ; 00:00:11                           ;
; Total                     ; 00:00:46     ; --                      ; --                  ; 00:00:30                           ;
+---------------------------+--------------+-------------------------+---------------------+------------------------------------+


+----------------------------------------------------------------------------------------+
; Flow OS Summary                                                                        ;
+---------------------------+------------------+-----------+------------+----------------+
; Module Name               ; Machine Hostname ; OS Name   ; OS Version ; Processor type ;
+---------------------------+------------------+-----------+------------+----------------+
; Analysis & Synthesis      ; asus-pc          ; Windows 7 ; 6.2        ; x86_64         ;
; Fitter                    ; asus-pc          ; Windows 7 ; 6.2        ; x86_64         ;
; Assembler                 ; asus-pc          ; Windows 7 ; 6.2        ; x86_64         ;
; TimeQuest Timing Analyzer ; asus-pc          ; Windows 7 ; 6.2        ; x86_64         ;
+---------------------------+------------------+-----------+------------+----------------+


------------
; Flow Log ;
------------
quartus_map --read_settings_files=on --write_settings_files=off DCE01 -c DCE01
quartus_fit --read_settings_files=off --write_settings_files=off DCE01 -c DCE01
quartus_asm --read_settings_files=off --write_settings_files=off DCE01 -c DCE01
quartus_sta DCE01 -c DCE01



