Archive Project report for DCE01
Tue Nov 14 09:35:14 2023
Quartus II 64-Bit Version 13.0.1 Build 232 06/12/2013 Service Pack 1 SJ Web Edition


---------------------
; Table of Contents ;
---------------------
  1. Legal Notice
  2. Archive Project Summary
  3. Archive Project Messages
  4. Files Archived



----------------
; Legal Notice ;
----------------
Copyright (C) 1991-2013 Altera Corporation
Your use of Altera Corporation's design tools, logic functions 
and other software and tools, and its AMPP partner logic 
functions, and any output files from any of the foregoing 
(including device programming or simulation files), and any 
associated documentation or information are expressly subject 
to the terms and conditions of the Altera Program License 
Subscription Agreement, Altera MegaCore Function License 
Agreement, or other applicable license agreement, including, 
without limitation, that your use is for the sole purpose of 
programming logic devices manufactured by Altera and sold by 
Altera or its authorized distributors.  Please refer to the 
applicable agreement for further details.



+----------------------------------------------------------------+
; Archive Project Summary                                        ;
+------------------------+---------------------------------------+
; Archive Project Status ; Successful - Tue Nov 14 09:35:14 2023 ;
; Revision Name          ; DCE01                                 ;
; Top-level Entity Name  ; DCE01                                 ;
; Family                 ; Cyclone IV E                          ;
+------------------------+---------------------------------------+


+--------------------------+
; Archive Project Messages ;
+--------------------------+
Info: File Set 'Source control' contains:
    Info: Project source and settings files
    Info: Automatically detected source files
Info: ----------------------------------------------------------
Info: ----------------------------------------------------------
Info: Generated archive 'D:/altera/DCE01/output_files/DCE01 2023-11-14.qar'
Info: ----------------------------------------------------------
Info: ----------------------------------------------------------
Info: Generated report 'DCE01.archive.rpt'
Info (23030): Evaluation of Tcl script c:/altera/13.0sp1/quartus/common/tcl/apps/qpm/qar.tcl was successful
Info: Quartus II 64-Bit Shell was successful. 0 errors, 0 warnings
    Info: Peak virtual memory: 349 megabytes
    Info: Processing ended: Tue Nov 14 09:35:14 2023
    Info: Elapsed time: 00:00:01
    Info: Total CPU time (on all processors): 00:00:01


+---------------------------------------------------------+
; Files Archived                                          ;
+---------------------------------------------------------+
; File Name                                               ;
+---------------------------------------------------------+
; altpll1.bsf                                             ;
; altpll1.cmp                                             ;
; altpll1.ppf                                             ;
; altpll1.qip                                             ;
; altpll1.vhd                                             ;
; altpll2.bsf                                             ;
; altpll2.cmp                                             ;
; altpll2.ppf                                             ;
; altpll2.qip                                             ;
; altpll2.vhd                                             ;
; blinker.bdf                                             ;
; c:/altera/13.0sp1/quartus/bin64/assignment_defaults.qdf ;
; ch_clk_ctrl2.bdf                                        ;
; cntr7.bdf                                               ;
; codeind.bdf                                             ;
; cpu_int_form.bdf                                        ;
; cpu_int_form2.bdf                                       ;
; dbltff.bdf                                              ;
; DCDR01.bsf                                              ;
; dcdr01.vhd                                              ;
; DCE01.bdf                                               ;
; DCE01.qpf                                               ;
; DCE01.qsf                                               ;
; DCE01_SFL.bsf                                           ;
; DCE01_SFL.cmp                                           ;
; DCE01_SFL.inc                                           ;
; DCE01_SFL.qip                                           ;
; DCE01_SFL.vhd                                           ;
; DCE01_SFL_inst.vhd                                      ;
; div5-1123.bdf                                           ;
; div5.bdf                                                ;
; div15.bdf                                               ;
; div15.bsf                                               ;
; div125.bdf                                              ;
; f0_former.bdf                                           ;
; incremental_db/compiled_partitions/DCE01.db_info        ;
; output_files/altpll0.qip                                ;
; plsgen.bdf                                              ;
; shrg_ctrl5.bdf                                          ;
; shrg_ctrl6.bdf                                          ;
; slctr.bdf                                               ;
; stbus_ctrl2.bdf                                         ;
; unifilter4.bdf                                          ;
+---------------------------------------------------------+


